2018-08-13 17:29:12 [scrapy.utils.log] INFO: Scrapy 1.5.0 started (bot: NewsCrawl)
2018-08-13 17:29:12 [scrapy.utils.log] INFO: Versions: lxml 4.1.1.0, libxml2 2.9.7, cssselect 1.0.3, parsel 1.5.0, w3lib 1.19.0, Twisted 18.4.0, Python 3.6.4 |Anaconda, Inc.| (default, Jan 16 2018, 10:22:32) [MSC v.1900 64 bit (AMD64)], pyOpenSSL 17.5.0 (OpenSSL 1.0.2n  7 Dec 2017), cryptography 2.1.4, Platform Windows-10-10.0.17134-SP0
2018-08-13 17:29:12 [scrapy.crawler] INFO: Overridden settings: {'BOT_NAME': 'NewsCrawl', 'CLOSESPIDER_PAGECOUNT': 11, 'CONCURRENT_REQUESTS': 5, 'DNS_TIMEOUT': 5, 'LOG_FILE': 'logs\\NewsCrawl\\xxlyw\\3ff6e4ba9edb11e89ad6183da2fbc714.log', 'NEWSPIDER_MODULE': 'NewsCrawl.spiders', 'SPIDER_MODULES': ['NewsCrawl.spiders'], 'USER_AGENT': 'Mozilla/5.0 (Windows NT 10.0; Win64; x64) AppleWebKit/537.36 (KHTML, like Gecko) Chrome/66.0.3359.139 Safari/537.36'}
2018-08-13 17:29:12 [scrapy.middleware] INFO: Enabled extensions:
['scrapy.extensions.corestats.CoreStats',
 'scrapy.extensions.telnet.TelnetConsole',
 'scrapy.extensions.closespider.CloseSpider',
 'scrapy.extensions.logstats.LogStats']
2018-08-13 17:29:12 [scrapy.middleware] INFO: Enabled downloader middlewares:
['scrapy.downloadermiddlewares.httpauth.HttpAuthMiddleware',
 'scrapy.downloadermiddlewares.downloadtimeout.DownloadTimeoutMiddleware',
 'scrapy.downloadermiddlewares.defaultheaders.DefaultHeadersMiddleware',
 'scrapy.downloadermiddlewares.useragent.UserAgentMiddleware',
 'scrapy.downloadermiddlewares.retry.RetryMiddleware',
 'scrapy.downloadermiddlewares.redirect.MetaRefreshMiddleware',
 'scrapy.downloadermiddlewares.httpcompression.HttpCompressionMiddleware',
 'scrapy.downloadermiddlewares.redirect.RedirectMiddleware',
 'scrapy.downloadermiddlewares.cookies.CookiesMiddleware',
 'scrapy.downloadermiddlewares.httpproxy.HttpProxyMiddleware',
 'scrapy.downloadermiddlewares.stats.DownloaderStats']
2018-08-13 17:29:12 [scrapy.middleware] INFO: Enabled spider middlewares:
['scrapy.spidermiddlewares.httperror.HttpErrorMiddleware',
 'scrapy.spidermiddlewares.offsite.OffsiteMiddleware',
 'scrapy.spidermiddlewares.referer.RefererMiddleware',
 'scrapy.spidermiddlewares.urllength.UrlLengthMiddleware',
 'scrapy.spidermiddlewares.depth.DepthMiddleware']
2018-08-13 17:29:12 [scrapy.middleware] INFO: Enabled item pipelines:
['NewsCrawl.pipelines.NewscrawlPipeline']
2018-08-13 17:29:12 [scrapy.core.engine] INFO: Spider opened
2018-08-13 17:29:12 [scrapy.extensions.logstats] INFO: Crawled 0 pages (at 0 pages/min), scraped 0 items (at 0 items/min)
2018-08-13 17:29:12 [scrapy.extensions.telnet] DEBUG: Telnet console listening on 127.0.0.1:6023
2018-08-13 17:29:12 [scrapy.core.engine] DEBUG: Crawled (200) <GET http://news.cncn.com/yunnan/> (referer: None)
2018-08-13 17:29:12 [scrapy.core.scraper] DEBUG: Scraped from <200 http://news.cncn.com/yunnan/>
{'indexLen': 28}
2018-08-13 17:29:13 [scrapy.core.engine] DEBUG: Crawled (200) <GET http://news.cncn.com/275643.html> (referer: http://news.cncn.com/yunnan/)
2018-08-13 17:29:13 [scrapy.core.engine] DEBUG: Crawled (200) <GET http://news.cncn.com/275662.html> (referer: http://news.cncn.com/yunnan/)
2018-08-13 17:29:13 [scrapy.core.engine] DEBUG: Crawled (200) <GET http://news.cncn.com/275726.html> (referer: http://news.cncn.com/yunnan/)
2018-08-13 17:29:13 [scrapy.core.engine] DEBUG: Crawled (200) <GET http://news.cncn.com/275698.html> (referer: http://news.cncn.com/yunnan/)
2018-08-13 17:29:13 [scrapy.core.engine] DEBUG: Crawled (200) <GET http://news.cncn.com/275699.html> (referer: http://news.cncn.com/yunnan/)
2018-08-13 17:29:13 [scrapy.core.scraper] DEBUG: Scraped from <200 http://news.cncn.com/275643.html>
{'url': 'http://news.cncn.com/275643.html', 'title': '<h1>自然保护区内有村民猎杀黑熊 犯罪嫌疑人已被警方调查</h1>', 'content': 'con', 'source': 'ml20', 'author': None, 'time': 'time', 'topTitle': '', 'bottomTitle': ''}
2018-08-13 17:29:13 [scrapy.core.scraper] DEBUG: Scraped from <200 http://news.cncn.com/275662.html>
{'url': 'http://news.cncn.com/275662.html', 'title': '<h1>冰川公园日限游客 园内气候复杂每日限入1万人</h1>', 'content': 'con', 'source': 'ml20', 'author': None, 'time': 'time', 'topTitle': '', 'bottomTitle': ''}
2018-08-13 17:29:13 [scrapy.core.scraper] DEBUG: Scraped from <200 http://news.cncn.com/275726.html>
{'url': 'http://news.cncn.com/275726.html', 'title': '<h1>湖北大学生来昆旅游被殴打追踪：打人的摩的司机被检方提起公诉</h1>', 'content': 'con', 'source': 'ml20', 'author': None, 'time': 'time', 'topTitle': '', 'bottomTitle': ''}
2018-08-13 17:29:13 [scrapy.core.scraper] DEBUG: Scraped from <200 http://news.cncn.com/275698.html>
{'url': 'http://news.cncn.com/275698.html', 'title': '<h1>2018年丽江旅游诚信指导价公布，5月25日起将施行</h1>', 'content': 'con', 'source': 'ml20', 'author': None, 'time': 'time', 'topTitle': '', 'bottomTitle': ''}
2018-08-13 17:29:13 [scrapy.core.scraper] DEBUG: Scraped from <200 http://news.cncn.com/275699.html>
{'url': 'http://news.cncn.com/275699.html', 'title': '<h1>2018年丽江旅游诚信指导价发布 低于这价格质量无保障</h1>', 'content': 'con', 'source': 'ml20', 'author': None, 'time': 'time', 'topTitle': '', 'bottomTitle': ''}
2018-08-13 17:29:13 [scrapy.core.engine] DEBUG: Crawled (200) <GET http://news.cncn.com/275799.html> (referer: http://news.cncn.com/yunnan/)
2018-08-13 17:29:13 [scrapy.core.engine] DEBUG: Crawled (200) <GET http://news.cncn.com/275913.html> (referer: http://news.cncn.com/yunnan/)
2018-08-13 17:29:13 [scrapy.core.engine] DEBUG: Crawled (200) <GET http://news.cncn.com/275973.html> (referer: http://news.cncn.com/yunnan/)
2018-08-13 17:29:13 [scrapy.core.engine] DEBUG: Crawled (200) <GET http://news.cncn.com/275953.html> (referer: http://news.cncn.com/yunnan/)
2018-08-13 17:29:13 [scrapy.core.engine] DEBUG: Crawled (200) <GET http://news.cncn.com/275974.html> (referer: http://news.cncn.com/yunnan/)
2018-08-13 17:29:13 [scrapy.core.engine] INFO: Closing spider (closespider_pagecount)
2018-08-13 17:29:13 [scrapy.core.scraper] DEBUG: Scraped from <200 http://news.cncn.com/275799.html>
{'url': 'http://news.cncn.com/275799.html', 'title': '<h1>大理：禁止新增民宿客栈 不得设置网吧酒吧演艺吧</h1>', 'content': 'con', 'source': 'ml20', 'author': None, 'time': 'time', 'topTitle': '', 'bottomTitle': ''}
2018-08-13 17:29:13 [scrapy.core.scraper] DEBUG: Scraped from <200 http://news.cncn.com/275913.html>
{'url': 'http://news.cncn.com/275913.html', 'title': '<h1>女子卖房辞职在洱海边开客栈遇关停 今古镇变空城</h1>', 'content': 'con', 'source': 'ml20', 'author': None, 'time': 'time', 'topTitle': '', 'bottomTitle': ''}
2018-08-13 17:29:13 [scrapy.core.scraper] DEBUG: Scraped from <200 http://news.cncn.com/275973.html>
{'url': 'http://news.cncn.com/275973.html', 'title': '<h1>昆广大铁路下月开通运营，平均25分钟就有一趟</h1>', 'content': 'con', 'source': 'ml20', 'author': None, 'time': 'time', 'topTitle': '', 'bottomTitle': ''}
2018-08-13 17:29:13 [scrapy.core.scraper] DEBUG: Scraped from <200 http://news.cncn.com/275953.html>
{'url': 'http://news.cncn.com/275953.html', 'title': '<h1>拒绝刷好评的爆款店 昆明真正的美食店在这儿</h1>', 'content': 'con', 'source': 'ml20', 'author': None, 'time': 'time', 'topTitle': '', 'bottomTitle': ''}
2018-08-13 17:29:13 [scrapy.core.scraper] DEBUG: Scraped from <200 http://news.cncn.com/275974.html>
{'url': 'http://news.cncn.com/275974.html', 'title': '<h1>昆广大铁路进入按图行车试验阶段 下月可开通运营</h1>', 'content': 'con', 'source': 'ml20', 'author': None, 'time': 'time', 'topTitle': '', 'bottomTitle': ''}
2018-08-13 17:29:13 [scrapy.core.engine] DEBUG: Crawled (200) <GET http://news.cncn.com/276026.html> (referer: http://news.cncn.com/yunnan/)
2018-08-13 17:29:13 [scrapy.core.engine] DEBUG: Crawled (200) <GET http://news.cncn.com/275995.html> (referer: http://news.cncn.com/yunnan/)
2018-08-13 17:29:13 [scrapy.core.engine] DEBUG: Crawled (200) <GET http://news.cncn.com/276042.html> (referer: http://news.cncn.com/yunnan/)
2018-08-13 17:29:13 [scrapy.core.scraper] DEBUG: Scraped from <200 http://news.cncn.com/276026.html>
{'url': 'http://news.cncn.com/276026.html', 'title': '<h1>云南集中整治线上旅游市场 这些违规行为千万不要碰</h1>', 'content': 'con', 'source': 'ml20', 'author': None, 'time': 'time', 'topTitle': '', 'bottomTitle': ''}
2018-08-13 17:29:13 [scrapy.core.scraper] DEBUG: Scraped from <200 http://news.cncn.com/275995.html>
{'url': 'http://news.cncn.com/275995.html', 'title': '<h1>云南集中整治线上旅游市场 这些违规行为千万不要碰</h1>', 'content': 'con', 'source': 'ml20', 'author': None, 'time': 'time', 'topTitle': '', 'bottomTitle': ''}
2018-08-13 17:29:13 [scrapy.core.engine] DEBUG: Crawled (200) <GET http://news.cncn.com/276162.html> (referer: http://news.cncn.com/yunnan/)
2018-08-13 17:29:13 [scrapy.core.scraper] DEBUG: Scraped from <200 http://news.cncn.com/276042.html>
{'url': 'http://news.cncn.com/276042.html', 'title': '<h1>云南一导游辱骂威胁游客 强迫消费万余元获刑半年</h1>', 'content': 'con', 'source': 'ml20', 'author': None, 'time': 'time', 'topTitle': '', 'bottomTitle': ''}
2018-08-13 17:29:13 [scrapy.core.scraper] DEBUG: Scraped from <200 http://news.cncn.com/276162.html>
{'url': 'http://news.cncn.com/276162.html', 'title': '<h1>大理发布乡村民宿客栈管理办法\u3000区域内民宿只减不增</h1>', 'content': 'con', 'source': 'ml20', 'author': None, 'time': 'time', 'topTitle': '', 'bottomTitle': ''}
2018-08-13 17:29:13 [scrapy.statscollectors] INFO: Dumping Scrapy stats:
{'downloader/request_bytes': 6496,
 'downloader/request_count': 15,
 'downloader/request_method_count/GET': 15,
 'downloader/response_bytes': 94938,
 'downloader/response_count': 15,
 'downloader/response_status_count/200': 15,
 'finish_reason': 'closespider_pagecount',
 'finish_time': datetime.datetime(2018, 8, 13, 9, 29, 13, 984684),
 'item_scraped_count': 15,
 'log_count/DEBUG': 31,
 'log_count/INFO': 7,
 'request_depth_max': 1,
 'response_received_count': 15,
 'scheduler/dequeued': 15,
 'scheduler/dequeued/memory': 15,
 'scheduler/enqueued': 29,
 'scheduler/enqueued/memory': 29,
 'start_time': datetime.datetime(2018, 8, 13, 9, 29, 12, 370943)}
2018-08-13 17:29:13 [scrapy.core.engine] INFO: Spider closed (closespider_pagecount)
